[ 2017-05-04T14:07:26+08:00 ] ::1 /tp-hangkong/index.php/Home/clientmanage/buyLog?123
INFO: [ app_init ] --START--
INFO: Run Behavior\BuildLiteBehavior [ RunTime:0.000000s ]
INFO: [ app_init ] --END-- [ RunTime:0.000000s ]
NOTIC: [8] Constant APP_DEBUG already defined D:\phpStudy\WWW\tp-hangkong\Application\Home\Conf\config.php 第 17 行.

[ 2017-05-04T14:07:27+08:00 ] ::1 /tp-hangkong/index.php/Home/clientmanage/buyLog?123
INFO: [ app_init ] --START--
INFO: Run Behavior\BuildLiteBehavior [ RunTime:0.000000s ]
INFO: [ app_init ] --END-- [ RunTime:0.000000s ]
NOTIC: [8] Constant APP_DEBUG already defined D:\phpStudy\WWW\tp-hangkong\Application\Home\Conf\config.php 第 17 行.

[ 2017-05-04T14:07:27+08:00 ] ::1 /tp-hangkong/index.php/Home/clientmanage/buyLog?123
INFO: [ app_init ] --START--
INFO: Run Behavior\BuildLiteBehavior [ RunTime:0.000000s ]
INFO: [ app_init ] --END-- [ RunTime:0.001000s ]
NOTIC: [8] Constant APP_DEBUG already defined D:\phpStudy\WWW\tp-hangkong\Application\Home\Conf\config.php 第 17 行.

[ 2017-05-04T14:07:27+08:00 ] ::1 /tp-hangkong/index.php/Home/clientmanage/buyLog?123
INFO: [ app_init ] --START--
INFO: Run Behavior\BuildLiteBehavior [ RunTime:0.000000s ]
INFO: [ app_init ] --END-- [ RunTime:0.001000s ]
NOTIC: [8] Constant APP_DEBUG already defined D:\phpStudy\WWW\tp-hangkong\Application\Home\Conf\config.php 第 17 行.

[ 2017-05-04T14:07:27+08:00 ] ::1 /tp-hangkong/index.php/Home/clientmanage/buyLog?123
INFO: [ app_init ] --START--
INFO: Run Behavior\BuildLiteBehavior [ RunTime:0.000000s ]
INFO: [ app_init ] --END-- [ RunTime:0.000000s ]
NOTIC: [8] Constant APP_DEBUG already defined D:\phpStudy\WWW\tp-hangkong\Application\Home\Conf\config.php 第 17 行.

[ 2017-05-04T14:07:27+08:00 ] ::1 /tp-hangkong/index.php/Home/clientmanage/buyLog?123
INFO: [ app_init ] --START--
INFO: Run Behavior\BuildLiteBehavior [ RunTime:0.000000s ]
INFO: [ app_init ] --END-- [ RunTime:0.001000s ]
NOTIC: [8] Constant APP_DEBUG already defined D:\phpStudy\WWW\tp-hangkong\Application\Home\Conf\config.php 第 17 行.

[ 2017-05-04T14:07:28+08:00 ] ::1 /tp-hangkong/index.php/Home/clientmanage/buyLog?123
INFO: [ app_init ] --START--
INFO: Run Behavior\BuildLiteBehavior [ RunTime:0.000000s ]
INFO: [ app_init ] --END-- [ RunTime:0.000000s ]
NOTIC: [8] Constant APP_DEBUG already defined D:\phpStudy\WWW\tp-hangkong\Application\Home\Conf\config.php 第 17 行.

[ 2017-05-04T14:07:28+08:00 ] ::1 /tp-hangkong/index.php/Home/clientmanage/buyLog?123
INFO: [ app_init ] --START--
INFO: Run Behavior\BuildLiteBehavior [ RunTime:0.000000s ]
INFO: [ app_init ] --END-- [ RunTime:0.001000s ]
NOTIC: [8] Constant APP_DEBUG already defined D:\phpStudy\WWW\tp-hangkong\Application\Home\Conf\config.php 第 17 行.

[ 2017-05-04T14:07:28+08:00 ] ::1 /tp-hangkong/index.php/Home/clientmanage/buyLog?123
INFO: [ app_init ] --START--
INFO: Run Behavior\BuildLiteBehavior [ RunTime:0.000000s ]
INFO: [ app_init ] --END-- [ RunTime:0.000000s ]
NOTIC: [8] Constant APP_DEBUG already defined D:\phpStudy\WWW\tp-hangkong\Application\Home\Conf\config.php 第 17 行.

[ 2017-05-04T14:07:28+08:00 ] ::1 /tp-hangkong/index.php/Home/clientmanage/buyLog?123
INFO: [ app_init ] --START--
INFO: Run Behavior\BuildLiteBehavior [ RunTime:0.000000s ]
INFO: [ app_init ] --END-- [ RunTime:0.001000s ]
NOTIC: [8] Constant APP_DEBUG already defined D:\phpStudy\WWW\tp-hangkong\Application\Home\Conf\config.php 第 17 行.

[ 2017-05-04T14:07:28+08:00 ] ::1 /tp-hangkong/index.php/Home/clientmanage/buyLog?123
INFO: [ app_init ] --START--
INFO: Run Behavior\BuildLiteBehavior [ RunTime:0.000000s ]
INFO: [ app_init ] --END-- [ RunTime:0.002000s ]
NOTIC: [8] Constant APP_DEBUG already defined D:\phpStudy\WWW\tp-hangkong\Application\Home\Conf\config.php 第 17 行.

[ 2017-05-04T14:07:28+08:00 ] ::1 /tp-hangkong/index.php/Home/clientmanage/buyLog?123
INFO: [ app_init ] --START--
INFO: Run Behavior\BuildLiteBehavior [ RunTime:0.000000s ]
INFO: [ app_init ] --END-- [ RunTime:0.000000s ]
NOTIC: [8] Constant APP_DEBUG already defined D:\phpStudy\WWW\tp-hangkong\Application\Home\Conf\config.php 第 17 行.

[ 2017-05-04T14:07:29+08:00 ] ::1 /tp-hangkong/index.php/Home/clientmanage/buyLog?123
INFO: [ app_init ] --START--
INFO: Run Behavior\BuildLiteBehavior [ RunTime:0.000000s ]
INFO: [ app_init ] --END-- [ RunTime:0.001000s ]
NOTIC: [8] Constant APP_DEBUG already defined D:\phpStudy\WWW\tp-hangkong\Application\Home\Conf\config.php 第 17 行.

[ 2017-05-04T14:08:09+08:00 ] ::1 /tp-hangkong/index.php/Home/clientmanage/buyLog?123
INFO: [ app_init ] --START--
INFO: Run Behavior\BuildLiteBehavior [ RunTime:0.000000s ]
INFO: [ app_init ] --END-- [ RunTime:0.001000s ]
NOTIC: [8] Constant APP_DEBUG already defined D:\phpStudy\WWW\tp-hangkong\Application\Home\Conf\config.php 第 17 行.

[ 2017-05-04T14:08:09+08:00 ] ::1 /tp-hangkong/index.php/Home/clientmanage/buyLog?123
INFO: [ app_init ] --START--
INFO: Run Behavior\BuildLiteBehavior [ RunTime:0.000000s ]
INFO: [ app_init ] --END-- [ RunTime:0.000000s ]
NOTIC: [8] Constant APP_DEBUG already defined D:\phpStudy\WWW\tp-hangkong\Application\Home\Conf\config.php 第 17 行.

[ 2017-05-04T14:08:10+08:00 ] ::1 /tp-hangkong/index.php/Home/clientmanage/buyLog?123
INFO: [ app_init ] --START--
INFO: Run Behavior\BuildLiteBehavior [ RunTime:0.000000s ]
INFO: [ app_init ] --END-- [ RunTime:0.001000s ]
NOTIC: [8] Constant APP_DEBUG already defined D:\phpStudy\WWW\tp-hangkong\Application\Home\Conf\config.php 第 17 行.

[ 2017-05-04T14:08:10+08:00 ] ::1 /tp-hangkong/index.php/Home/clientmanage/buyLog?123
INFO: [ app_init ] --START--
INFO: Run Behavior\BuildLiteBehavior [ RunTime:0.000000s ]
INFO: [ app_init ] --END-- [ RunTime:0.001000s ]
NOTIC: [8] Constant APP_DEBUG already defined D:\phpStudy\WWW\tp-hangkong\Application\Home\Conf\config.php 第 17 行.

[ 2017-05-04T14:08:10+08:00 ] ::1 /tp-hangkong/index.php/Home/clientmanage/buyLog?123
INFO: [ app_init ] --START--
INFO: Run Behavior\BuildLiteBehavior [ RunTime:0.000000s ]
INFO: [ app_init ] --END-- [ RunTime:0.001000s ]
NOTIC: [8] Constant APP_DEBUG already defined D:\phpStudy\WWW\tp-hangkong\Application\Home\Conf\config.php 第 17 行.

[ 2017-05-04T14:08:10+08:00 ] ::1 /tp-hangkong/index.php/Home/clientmanage/buyLog?123
INFO: [ app_init ] --START--
INFO: Run Behavior\BuildLiteBehavior [ RunTime:0.000000s ]
INFO: [ app_init ] --END-- [ RunTime:0.001000s ]
NOTIC: [8] Constant APP_DEBUG already defined D:\phpStudy\WWW\tp-hangkong\Application\Home\Conf\config.php 第 17 行.

[ 2017-05-04T14:08:11+08:00 ] ::1 /tp-hangkong/index.php/Home/clientmanage/buyLog?123
INFO: [ app_init ] --START--
INFO: Run Behavior\BuildLiteBehavior [ RunTime:0.000000s ]
INFO: [ app_init ] --END-- [ RunTime:0.000000s ]
NOTIC: [8] Constant APP_DEBUG already defined D:\phpStudy\WWW\tp-hangkong\Application\Home\Conf\config.php 第 17 行.

[ 2017-05-04T14:08:11+08:00 ] ::1 /tp-hangkong/index.php/Home/clientmanage/buyLog?123
INFO: [ app_init ] --START--
INFO: Run Behavior\BuildLiteBehavior [ RunTime:0.000000s ]
INFO: [ app_init ] --END-- [ RunTime:0.000000s ]
NOTIC: [8] Constant APP_DEBUG already defined D:\phpStudy\WWW\tp-hangkong\Application\Home\Conf\config.php 第 17 行.

[ 2017-05-04T14:08:11+08:00 ] ::1 /tp-hangkong/index.php/Home/clientmanage/buyLog?123
INFO: [ app_init ] --START--
INFO: Run Behavior\BuildLiteBehavior [ RunTime:0.000000s ]
INFO: [ app_init ] --END-- [ RunTime:0.001000s ]
NOTIC: [8] Constant APP_DEBUG already defined D:\phpStudy\WWW\tp-hangkong\Application\Home\Conf\config.php 第 17 行.

[ 2017-05-04T14:08:11+08:00 ] ::1 /tp-hangkong/index.php/Home/clientmanage/buyLog?123
INFO: [ app_init ] --START--
INFO: Run Behavior\BuildLiteBehavior [ RunTime:0.000000s ]
INFO: [ app_init ] --END-- [ RunTime:0.000000s ]
NOTIC: [8] Constant APP_DEBUG already defined D:\phpStudy\WWW\tp-hangkong\Application\Home\Conf\config.php 第 17 行.

[ 2017-05-04T14:08:11+08:00 ] ::1 /tp-hangkong/index.php/Home/clientmanage/buyLog?123
INFO: [ app_init ] --START--
INFO: Run Behavior\BuildLiteBehavior [ RunTime:0.000000s ]
INFO: [ app_init ] --END-- [ RunTime:0.001000s ]
NOTIC: [8] Constant APP_DEBUG already defined D:\phpStudy\WWW\tp-hangkong\Application\Home\Conf\config.php 第 17 行.

[ 2017-05-04T14:08:11+08:00 ] ::1 /tp-hangkong/index.php/Home/clientmanage/buyLog?123
INFO: [ app_init ] --START--
INFO: Run Behavior\BuildLiteBehavior [ RunTime:0.000000s ]
INFO: [ app_init ] --END-- [ RunTime:0.000000s ]
NOTIC: [8] Constant APP_DEBUG already defined D:\phpStudy\WWW\tp-hangkong\Application\Home\Conf\config.php 第 17 行.

[ 2017-05-04T14:08:11+08:00 ] ::1 /tp-hangkong/index.php/Home/clientmanage/buyLog?123
INFO: [ app_init ] --START--
INFO: Run Behavior\BuildLiteBehavior [ RunTime:0.000000s ]
INFO: [ app_init ] --END-- [ RunTime:0.001000s ]
NOTIC: [8] Constant APP_DEBUG already defined D:\phpStudy\WWW\tp-hangkong\Application\Home\Conf\config.php 第 17 行.

[ 2017-05-04T14:08:12+08:00 ] ::1 /tp-hangkong/index.php/Home/clientmanage/buyLog?123
INFO: [ app_init ] --START--
INFO: Run Behavior\BuildLiteBehavior [ RunTime:0.000000s ]
INFO: [ app_init ] --END-- [ RunTime:0.001000s ]
NOTIC: [8] Constant APP_DEBUG already defined D:\phpStudy\WWW\tp-hangkong\Application\Home\Conf\config.php 第 17 行.

[ 2017-05-04T14:08:12+08:00 ] ::1 /tp-hangkong/index.php/Home/clientmanage/buyLog?123
INFO: [ app_init ] --START--
INFO: Run Behavior\BuildLiteBehavior [ RunTime:0.000000s ]
INFO: [ app_init ] --END-- [ RunTime:0.001000s ]
NOTIC: [8] Constant APP_DEBUG already defined D:\phpStudy\WWW\tp-hangkong\Application\Home\Conf\config.php 第 17 行.

[ 2017-05-04T14:08:12+08:00 ] ::1 /tp-hangkong/index.php/Home/clientmanage/buyLog?123
INFO: [ app_init ] --START--
INFO: Run Behavior\BuildLiteBehavior [ RunTime:0.000000s ]
INFO: [ app_init ] --END-- [ RunTime:0.001000s ]
NOTIC: [8] Constant APP_DEBUG already defined D:\phpStudy\WWW\tp-hangkong\Application\Home\Conf\config.php 第 17 行.

[ 2017-05-04T14:08:12+08:00 ] ::1 /tp-hangkong/index.php/Home/clientmanage/buyLog?123
INFO: [ app_init ] --START--
INFO: Run Behavior\BuildLiteBehavior [ RunTime:0.000000s ]
INFO: [ app_init ] --END-- [ RunTime:0.001000s ]
NOTIC: [8] Constant APP_DEBUG already defined D:\phpStudy\WWW\tp-hangkong\Application\Home\Conf\config.php 第 17 行.

[ 2017-05-04T14:08:12+08:00 ] ::1 /tp-hangkong/index.php/Home/clientmanage/buyLog?123
INFO: [ app_init ] --START--
INFO: Run Behavior\BuildLiteBehavior [ RunTime:0.000000s ]
INFO: [ app_init ] --END-- [ RunTime:0.000000s ]
NOTIC: [8] Constant APP_DEBUG already defined D:\phpStudy\WWW\tp-hangkong\Application\Home\Conf\config.php 第 17 行.

[ 2017-05-04T14:08:13+08:00 ] ::1 /tp-hangkong/index.php/Home/clientmanage/buyLog?123
INFO: [ app_init ] --START--
INFO: Run Behavior\BuildLiteBehavior [ RunTime:0.000000s ]
INFO: [ app_init ] --END-- [ RunTime:0.001000s ]
NOTIC: [8] Constant APP_DEBUG already defined D:\phpStudy\WWW\tp-hangkong\Application\Home\Conf\config.php 第 17 行.

[ 2017-05-04T14:09:47+08:00 ] ::1 /tp-hangkong/index.php/Home/clientmanage/buyLog?123
INFO: [ app_init ] --START--
INFO: Run Behavior\BuildLiteBehavior [ RunTime:0.000000s ]
INFO: [ app_init ] --END-- [ RunTime:0.001000s ]
NOTIC: [8] Constant APP_DEBUG already defined D:\phpStudy\WWW\tp-hangkong\Application\Home\Conf\config.php 第 17 行.

[ 2017-05-04T14:09:47+08:00 ] ::1 /tp-hangkong/index.php/Home/clientmanage/buyLog?123
INFO: [ app_init ] --START--
INFO: Run Behavior\BuildLiteBehavior [ RunTime:0.000000s ]
INFO: [ app_init ] --END-- [ RunTime:0.001000s ]
NOTIC: [8] Constant APP_DEBUG already defined D:\phpStudy\WWW\tp-hangkong\Application\Home\Conf\config.php 第 17 行.

[ 2017-05-04T14:09:47+08:00 ] ::1 /tp-hangkong/index.php/Home/clientmanage/buyLog?123
INFO: [ app_init ] --START--
INFO: Run Behavior\BuildLiteBehavior [ RunTime:0.000000s ]
INFO: [ app_init ] --END-- [ RunTime:0.000000s ]
NOTIC: [8] Constant APP_DEBUG already defined D:\phpStudy\WWW\tp-hangkong\Application\Home\Conf\config.php 第 17 行.

[ 2017-05-04T14:09:48+08:00 ] ::1 /tp-hangkong/index.php/Home/clientmanage/buyLog?123
INFO: [ app_init ] --START--
INFO: Run Behavior\BuildLiteBehavior [ RunTime:0.000000s ]
INFO: [ app_init ] --END-- [ RunTime:0.000000s ]
NOTIC: [8] Constant APP_DEBUG already defined D:\phpStudy\WWW\tp-hangkong\Application\Home\Conf\config.php 第 17 行.

[ 2017-05-04T14:09:48+08:00 ] ::1 /tp-hangkong/index.php/Home/clientmanage/buyLog?123
INFO: [ app_init ] --START--
INFO: Run Behavior\BuildLiteBehavior [ RunTime:0.000000s ]
INFO: [ app_init ] --END-- [ RunTime:0.001000s ]
NOTIC: [8] Constant APP_DEBUG already defined D:\phpStudy\WWW\tp-hangkong\Application\Home\Conf\config.php 第 17 行.

[ 2017-05-04T14:09:48+08:00 ] ::1 /tp-hangkong/index.php/Home/clientmanage/buyLog?123
INFO: [ app_init ] --START--
INFO: Run Behavior\BuildLiteBehavior [ RunTime:0.000000s ]
INFO: [ app_init ] --END-- [ RunTime:0.002000s ]
NOTIC: [8] Constant APP_DEBUG already defined D:\phpStudy\WWW\tp-hangkong\Application\Home\Conf\config.php 第 17 行.

[ 2017-05-04T14:09:57+08:00 ] ::1 /tp-hangkong/index.php/Home/clientmanage/buyLog?123
INFO: [ app_init ] --START--
INFO: Run Behavior\BuildLiteBehavior [ RunTime:0.000000s ]
INFO: [ app_init ] --END-- [ RunTime:0.001000s ]
NOTIC: [8] Constant APP_DEBUG already defined D:\phpStudy\WWW\tp-hangkong\Application\Home\Conf\config.php 第 17 行.

[ 2017-05-04T14:09:57+08:00 ] ::1 /tp-hangkong/index.php/Home/clientmanage/buyLog?123
INFO: [ app_init ] --START--
INFO: Run Behavior\BuildLiteBehavior [ RunTime:0.000000s ]
INFO: [ app_init ] --END-- [ RunTime:0.002000s ]
NOTIC: [8] Constant APP_DEBUG already defined D:\phpStudy\WWW\tp-hangkong\Application\Home\Conf\config.php 第 17 行.

[ 2017-05-04T14:09:57+08:00 ] ::1 /tp-hangkong/index.php/Home/clientmanage/buyLog?123
INFO: [ app_init ] --START--
INFO: Run Behavior\BuildLiteBehavior [ RunTime:0.000000s ]
INFO: [ app_init ] --END-- [ RunTime:0.000000s ]
NOTIC: [8] Constant APP_DEBUG already defined D:\phpStudy\WWW\tp-hangkong\Application\Home\Conf\config.php 第 17 行.

[ 2017-05-04T14:09:58+08:00 ] ::1 /tp-hangkong/index.php/Home/clientmanage/buyLog?123
INFO: [ app_init ] --START--
INFO: Run Behavior\BuildLiteBehavior [ RunTime:0.000000s ]
INFO: [ app_init ] --END-- [ RunTime:0.000000s ]
NOTIC: [8] Constant APP_DEBUG already defined D:\phpStudy\WWW\tp-hangkong\Application\Home\Conf\config.php 第 17 行.

[ 2017-05-04T14:09:58+08:00 ] ::1 /tp-hangkong/index.php/Home/clientmanage/buyLog?123
INFO: [ app_init ] --START--
INFO: Run Behavior\BuildLiteBehavior [ RunTime:0.000000s ]
INFO: [ app_init ] --END-- [ RunTime:0.001000s ]
NOTIC: [8] Constant APP_DEBUG already defined D:\phpStudy\WWW\tp-hangkong\Application\Home\Conf\config.php 第 17 行.

[ 2017-05-04T14:09:58+08:00 ] ::1 /tp-hangkong/index.php/Home/clientmanage/buyLog?123
INFO: [ app_init ] --START--
INFO: Run Behavior\BuildLiteBehavior [ RunTime:0.000000s ]
INFO: [ app_init ] --END-- [ RunTime:0.003000s ]
NOTIC: [8] Constant APP_DEBUG already defined D:\phpStudy\WWW\tp-hangkong\Application\Home\Conf\config.php 第 17 行.

[ 2017-05-04T14:09:58+08:00 ] ::1 /tp-hangkong/index.php/Home/clientmanage/buyLog?123
INFO: [ app_init ] --START--
INFO: Run Behavior\BuildLiteBehavior [ RunTime:0.000000s ]
INFO: [ app_init ] --END-- [ RunTime:0.001000s ]
NOTIC: [8] Constant APP_DEBUG already defined D:\phpStudy\WWW\tp-hangkong\Application\Home\Conf\config.php 第 17 行.

[ 2017-05-04T14:09:58+08:00 ] ::1 /tp-hangkong/index.php/Home/clientmanage/buyLog?123
INFO: [ app_init ] --START--
INFO: Run Behavior\BuildLiteBehavior [ RunTime:0.000000s ]
INFO: [ app_init ] --END-- [ RunTime:0.000000s ]
NOTIC: [8] Constant APP_DEBUG already defined D:\phpStudy\WWW\tp-hangkong\Application\Home\Conf\config.php 第 17 行.

[ 2017-05-04T14:09:58+08:00 ] ::1 /tp-hangkong/index.php/Home/clientmanage/buyLog?123
INFO: [ app_init ] --START--
INFO: Run Behavior\BuildLiteBehavior [ RunTime:0.000000s ]
INFO: [ app_init ] --END-- [ RunTime:0.001000s ]
NOTIC: [8] Constant APP_DEBUG already defined D:\phpStudy\WWW\tp-hangkong\Application\Home\Conf\config.php 第 17 行.

[ 2017-05-04T14:09:59+08:00 ] ::1 /tp-hangkong/index.php/Home/clientmanage/buyLog?123
INFO: [ app_init ] --START--
INFO: Run Behavior\BuildLiteBehavior [ RunTime:0.000000s ]
INFO: [ app_init ] --END-- [ RunTime:0.000000s ]
NOTIC: [8] Constant APP_DEBUG already defined D:\phpStudy\WWW\tp-hangkong\Application\Home\Conf\config.php 第 17 行.

[ 2017-05-04T14:11:51+08:00 ] ::1 /tp-hangkong/index.php/Home/clientmanage/buyLog?123
INFO: [ app_init ] --START--
INFO: Run Behavior\BuildLiteBehavior [ RunTime:0.000000s ]
INFO: [ app_init ] --END-- [ RunTime:0.000000s ]
NOTIC: [8] Constant APP_DEBUG already defined D:\phpStudy\WWW\tp-hangkong\Application\Home\Conf\config.php 第 17 行.

[ 2017-05-04T14:12:23+08:00 ] ::1 /tp-hangkong/index.php/Home/clientmanage/buyLog?123
INFO: [ app_init ] --START--
INFO: Run Behavior\BuildLiteBehavior [ RunTime:0.000000s ]
INFO: [ app_init ] --END-- [ RunTime:0.000000s ]
NOTIC: [8] Constant APP_DEBUG already defined D:\phpStudy\WWW\tp-hangkong\Application\Home\Conf\config.php 第 17 行.

[ 2017-05-04T14:12:24+08:00 ] ::1 /tp-hangkong/index.php/Home/clientmanage/buyLog?123
INFO: [ app_init ] --START--
INFO: Run Behavior\BuildLiteBehavior [ RunTime:0.000000s ]
INFO: [ app_init ] --END-- [ RunTime:0.000000s ]
NOTIC: [8] Constant APP_DEBUG already defined D:\phpStudy\WWW\tp-hangkong\Application\Home\Conf\config.php 第 17 行.

[ 2017-05-04T14:12:24+08:00 ] ::1 /tp-hangkong/index.php/Home/clientmanage/buyLog?123
INFO: [ app_init ] --START--
INFO: Run Behavior\BuildLiteBehavior [ RunTime:0.000000s ]
INFO: [ app_init ] --END-- [ RunTime:0.001000s ]
NOTIC: [8] Constant APP_DEBUG already defined D:\phpStudy\WWW\tp-hangkong\Application\Home\Conf\config.php 第 17 行.

[ 2017-05-04T14:12:25+08:00 ] ::1 /tp-hangkong/index.php/Home/clientmanage/buyLog?123
INFO: [ app_init ] --START--
INFO: Run Behavior\BuildLiteBehavior [ RunTime:0.000000s ]
INFO: [ app_init ] --END-- [ RunTime:0.000000s ]
NOTIC: [8] Constant APP_DEBUG already defined D:\phpStudy\WWW\tp-hangkong\Application\Home\Conf\config.php 第 17 行.

[ 2017-05-04T14:12:25+08:00 ] ::1 /tp-hangkong/index.php/Home/clientmanage/buyLog?123
INFO: [ app_init ] --START--
INFO: Run Behavior\BuildLiteBehavior [ RunTime:0.000000s ]
INFO: [ app_init ] --END-- [ RunTime:0.000000s ]
NOTIC: [8] Constant APP_DEBUG already defined D:\phpStudy\WWW\tp-hangkong\Application\Home\Conf\config.php 第 17 行.

[ 2017-05-04T14:12:25+08:00 ] ::1 /tp-hangkong/index.php/Home/clientmanage/buyLog?123
INFO: [ app_init ] --START--
INFO: Run Behavior\BuildLiteBehavior [ RunTime:0.000000s ]
INFO: [ app_init ] --END-- [ RunTime:0.002001s ]
NOTIC: [8] Constant APP_DEBUG already defined D:\phpStudy\WWW\tp-hangkong\Application\Home\Conf\config.php 第 17 行.

[ 2017-05-04T14:12:25+08:00 ] ::1 /tp-hangkong/index.php/Home/clientmanage/buyLog?123
INFO: [ app_init ] --START--
INFO: Run Behavior\BuildLiteBehavior [ RunTime:0.000000s ]
INFO: [ app_init ] --END-- [ RunTime:0.001000s ]
NOTIC: [8] Constant APP_DEBUG already defined D:\phpStudy\WWW\tp-hangkong\Application\Home\Conf\config.php 第 17 行.

[ 2017-05-04T14:12:25+08:00 ] ::1 /tp-hangkong/index.php/Home/clientmanage/buyLog?123
INFO: [ app_init ] --START--
INFO: Run Behavior\BuildLiteBehavior [ RunTime:0.000000s ]
INFO: [ app_init ] --END-- [ RunTime:0.001000s ]
NOTIC: [8] Constant APP_DEBUG already defined D:\phpStudy\WWW\tp-hangkong\Application\Home\Conf\config.php 第 17 行.

[ 2017-05-04T14:12:25+08:00 ] ::1 /tp-hangkong/index.php/Home/clientmanage/buyLog?123
INFO: [ app_init ] --START--
INFO: Run Behavior\BuildLiteBehavior [ RunTime:0.000000s ]
INFO: [ app_init ] --END-- [ RunTime:0.001000s ]
NOTIC: [8] Constant APP_DEBUG already defined D:\phpStudy\WWW\tp-hangkong\Application\Home\Conf\config.php 第 17 行.

[ 2017-05-04T14:12:25+08:00 ] ::1 /tp-hangkong/index.php/Home/clientmanage/buyLog?123
INFO: [ app_init ] --START--
INFO: Run Behavior\BuildLiteBehavior [ RunTime:0.001000s ]
INFO: [ app_init ] --END-- [ RunTime:0.002000s ]
NOTIC: [8] Constant APP_DEBUG already defined D:\phpStudy\WWW\tp-hangkong\Application\Home\Conf\config.php 第 17 行.

[ 2017-05-04T14:13:41+08:00 ] ::1 /tp-hangkong/index.php/Home/clientmanage/buyLog?123
INFO: [ app_init ] --START--
INFO: Run Behavior\BuildLiteBehavior [ RunTime:0.000000s ]
INFO: [ app_init ] --END-- [ RunTime:0.000000s ]
NOTIC: [8] Constant APP_DEBUG already defined D:\phpStudy\WWW\tp-hangkong\Application\Home\Conf\config.php 第 17 行.

[ 2017-05-04T14:16:36+08:00 ] ::1 /tp-hangkong/index.php/Home/clientmanage/buyLog?123
INFO: [ app_init ] --START--
INFO: Run Behavior\BuildLiteBehavior [ RunTime:0.000000s ]
INFO: [ app_init ] --END-- [ RunTime:0.001000s ]
NOTIC: [8] Constant APP_DEBUG already defined D:\phpStudy\WWW\tp-hangkong\Application\Home\Conf\config.php 第 17 行.

[ 2017-05-04T14:16:37+08:00 ] ::1 /tp-hangkong/index.php/Home/clientmanage/buyLog?123
INFO: [ app_init ] --START--
INFO: Run Behavior\BuildLiteBehavior [ RunTime:0.000000s ]
INFO: [ app_init ] --END-- [ RunTime:0.000000s ]
NOTIC: [8] Constant APP_DEBUG already defined D:\phpStudy\WWW\tp-hangkong\Application\Home\Conf\config.php 第 17 行.

[ 2017-05-04T14:16:37+08:00 ] ::1 /tp-hangkong/index.php/Home/clientmanage/buyLog?123
INFO: [ app_init ] --START--
INFO: Run Behavior\BuildLiteBehavior [ RunTime:0.000000s ]
INFO: [ app_init ] --END-- [ RunTime:0.002001s ]
NOTIC: [8] Constant APP_DEBUG already defined D:\phpStudy\WWW\tp-hangkong\Application\Home\Conf\config.php 第 17 行.

[ 2017-05-04T14:16:37+08:00 ] ::1 /tp-hangkong/index.php/Home/clientmanage/buyLog?123
INFO: [ app_init ] --START--
INFO: Run Behavior\BuildLiteBehavior [ RunTime:0.000000s ]
INFO: [ app_init ] --END-- [ RunTime:0.000000s ]
NOTIC: [8] Constant APP_DEBUG already defined D:\phpStudy\WWW\tp-hangkong\Application\Home\Conf\config.php 第 17 行.

[ 2017-05-04T14:16:38+08:00 ] ::1 /tp-hangkong/index.php/Home/clientmanage/buyLog?123
INFO: [ app_init ] --START--
INFO: Run Behavior\BuildLiteBehavior [ RunTime:0.000000s ]
INFO: [ app_init ] --END-- [ RunTime:0.001000s ]
NOTIC: [8] Constant APP_DEBUG already defined D:\phpStudy\WWW\tp-hangkong\Application\Home\Conf\config.php 第 17 行.

[ 2017-05-04T14:16:38+08:00 ] ::1 /tp-hangkong/index.php/Home/clientmanage/buyLog?123
INFO: [ app_init ] --START--
INFO: Run Behavior\BuildLiteBehavior [ RunTime:0.000000s ]
INFO: [ app_init ] --END-- [ RunTime:0.000000s ]
NOTIC: [8] Constant APP_DEBUG already defined D:\phpStudy\WWW\tp-hangkong\Application\Home\Conf\config.php 第 17 行.

